12:14:23.428 [main] INFO  testCases.TC04_SenderDetailsTest - Entered Time.
12:14:28.616 [main] INFO  testCases.TC04_SenderDetailsTest - Clicked on Search after filling the details.
12:14:32.398 [main] INFO  testCases.TC04_SenderDetailsTest - Selected SUV.
12:14:35.014 [main] INFO  testCases.TC04_SenderDetailsTest - Fetched lowest price.
12:14:40.185 [main] INFO  testCases.TC04_SenderDetailsTest - Clicked on GiftCards.
12:14:41.879 [main] INFO  testCases.TC04_SenderDetailsTest - Selected Wedding GiftCard.
12:14:47.197 [main] INFO  testCases.TC04_SenderDetailsTest - Filled up sender's and recipient's details.
12:14:48.085 [main] INFO  testCases.TC04_SenderDetailsTest - Fetched Alert message.
12:14:49.191 [main] INFO  testCases.TC04_SenderDetailsTest - Directed to Hotels page.
12:14:54.963 [main] INFO  testCases.TC04_SenderDetailsTest - Fetched number of adults.
14:17:52.945 [main] INFO  testCases.TC04_SenderDetailsTest - Clicked on Cabs.
14:17:54.512 [main] INFO  testCases.TC04_SenderDetailsTest - Entered 'From' city.
14:17:56.753 [main] INFO  testCases.TC04_SenderDetailsTest - Entered 'To' City.
14:17:57.550 [main] INFO  testCases.TC04_SenderDetailsTest - Entered date.
14:17:59.168 [main] INFO  testCases.TC04_SenderDetailsTest - Entered Time.
14:18:03.143 [main] INFO  testCases.TC04_SenderDetailsTest - Clicked on Search after filling the details.
14:18:07.017 [main] INFO  testCases.TC04_SenderDetailsTest - Selected SUV.
14:18:09.317 [main] INFO  testCases.TC04_SenderDetailsTest - Fetched lowest price.
14:18:13.163 [main] INFO  testCases.TC04_SenderDetailsTest - Clicked on GiftCards.
14:18:14.237 [main] INFO  testCases.TC04_SenderDetailsTest - Selected Wedding GiftCard.
14:18:18.250 [main] INFO  testCases.TC04_SenderDetailsTest - Filled up sender's and recipient's details.
14:18:19.066 [main] INFO  testCases.TC04_SenderDetailsTest - Fetched Alert message.
14:18:20.029 [main] INFO  testCases.TC04_SenderDetailsTest - Directed to Hotels page.
14:18:24.929 [main] INFO  testCases.TC04_SenderDetailsTest - Fetched number of adults.
14:24:17.585 [main] INFO  testCases.TC04_SenderDetailsTest - Clicked on Cabs.
14:24:19.172 [main] INFO  testCases.TC04_SenderDetailsTest - Entered 'From' city.
14:24:21.875 [main] INFO  testCases.TC04_SenderDetailsTest - Entered 'To' City.
14:24:22.508 [main] INFO  testCases.TC04_SenderDetailsTest - Entered date.
14:24:24.071 [main] INFO  testCases.TC04_SenderDetailsTest - Entered Time.
14:24:31.138 [main] INFO  testCases.TC04_SenderDetailsTest - Clicked on Search after filling the details.
14:24:32.303 [main] INFO  testCases.TC04_SenderDetailsTest - Selected SUV.
14:24:33.842 [main] INFO  testCases.TC04_SenderDetailsTest - Fetched lowest price.
14:24:40.146 [main] INFO  testCases.TC04_SenderDetailsTest - Clicked on GiftCards.
14:24:41.740 [main] INFO  testCases.TC04_SenderDetailsTest - Selected Wedding GiftCard.
14:24:46.243 [main] INFO  testCases.TC04_SenderDetailsTest - Filled up sender's and recipient's details.
14:24:46.940 [main] INFO  testCases.TC04_SenderDetailsTest - Fetched Alert message.
14:24:48.114 [main] INFO  testCases.TC04_SenderDetailsTest - Directed to Hotels page.
14:24:52.948 [main] INFO  testCases.TC04_SenderDetailsTest - Fetched number of adults.
14:26:46.124 [main] INFO  testCases.TC04_SenderDetailsTest - Clicked on Cabs.
14:26:47.960 [main] INFO  testCases.TC04_SenderDetailsTest - Entered 'From' city.
14:26:50.127 [main] INFO  testCases.TC04_SenderDetailsTest - Entered 'To' City.
14:26:50.903 [main] INFO  testCases.TC04_SenderDetailsTest - Entered date.
14:26:52.457 [main] INFO  testCases.TC04_SenderDetailsTest - Entered Time.
14:26:58.562 [main] INFO  testCases.TC04_SenderDetailsTest - Clicked on Search after filling the details.
14:27:00.405 [main] INFO  testCases.TC04_SenderDetailsTest - Selected SUV.
14:27:02.617 [main] INFO  testCases.TC04_SenderDetailsTest - Fetched lowest price.
14:27:10.259 [main] INFO  testCases.TC04_SenderDetailsTest - Clicked on GiftCards.
14:27:11.504 [main] INFO  testCases.TC04_SenderDetailsTest - Selected Wedding GiftCard.
14:27:15.860 [main] INFO  testCases.TC04_SenderDetailsTest - Filled up sender's and recipient's details.
14:27:16.674 [main] INFO  testCases.TC04_SenderDetailsTest - Fetched Alert message.
14:27:17.695 [main] INFO  testCases.TC04_SenderDetailsTest - Directed to Hotels page.
14:27:23.396 [main] INFO  testCases.TC04_SenderDetailsTest - Fetched number of adults.
