22:10:25.514 [main] INFO  testCases.TC04_SenderDetailsTest - Entered Time.
22:10:28.704 [main] INFO  testCases.TC04_SenderDetailsTest - Clicked on Search after filling the details.
22:10:29.555 [main] INFO  testCases.TC04_SenderDetailsTest - Selected SUV.
22:10:31.142 [main] INFO  testCases.TC04_SenderDetailsTest - Fetched lowest price.
22:10:33.264 [main] INFO  testCases.TC04_SenderDetailsTest - Clicked on GiftCards.
22:10:34.254 [main] INFO  testCases.TC04_SenderDetailsTest - Selected Wedding GiftCard.
22:10:38.497 [main] INFO  testCases.TC04_SenderDetailsTest - Filled up sender's and recipient's details.
22:10:39.450 [main] INFO  testCases.TC04_SenderDetailsTest - Fetched Alert message.
22:10:41.571 [main] INFO  testCases.TC04_SenderDetailsTest - Directed to Hotels page.
22:10:45.490 [main] INFO  testCases.TC04_SenderDetailsTest - Fetched number of adults.
22:13:03.425 [main] INFO  testCases.TC04_SenderDetailsTest - Clicked on Cabs.
22:13:04.557 [main] INFO  testCases.TC04_SenderDetailsTest - Entered 'From' city.
22:13:05.598 [main] INFO  testCases.TC04_SenderDetailsTest - Entered 'To' City.
22:13:06.149 [main] INFO  testCases.TC04_SenderDetailsTest - Entered date.
22:13:07.346 [main] INFO  testCases.TC04_SenderDetailsTest - Entered Time.
22:13:09.529 [main] INFO  testCases.TC04_SenderDetailsTest - Clicked on Search after filling the details.
22:13:12.300 [main] INFO  testCases.TC04_SenderDetailsTest - Selected SUV.
22:13:13.875 [main] INFO  testCases.TC04_SenderDetailsTest - Fetched lowest price.
22:13:16.049 [main] INFO  testCases.TC04_SenderDetailsTest - Clicked on GiftCards.
22:13:17.033 [main] INFO  testCases.TC04_SenderDetailsTest - Selected Wedding GiftCard.
22:13:19.588 [main] INFO  testCases.TC04_SenderDetailsTest - Filled up sender's and recipient's details.
22:13:20.230 [main] INFO  testCases.TC04_SenderDetailsTest - Fetched Alert message.
22:13:21.200 [main] INFO  testCases.TC04_SenderDetailsTest - Directed to Hotels page.
22:13:25.314 [main] INFO  testCases.TC04_SenderDetailsTest - Fetched number of adults.
22:18:10.259 [main] INFO  testCases.TC04_SenderDetailsTest - Clicked on Cabs.
22:18:11.437 [main] INFO  testCases.TC04_SenderDetailsTest - Entered 'From' city.
22:18:12.570 [main] INFO  testCases.TC04_SenderDetailsTest - Entered 'To' City.
22:18:13.131 [main] INFO  testCases.TC04_SenderDetailsTest - Entered date.
22:18:14.449 [main] INFO  testCases.TC04_SenderDetailsTest - Entered Time.
22:18:16.422 [main] INFO  testCases.TC04_SenderDetailsTest - Clicked on Search after filling the details.
22:18:18.203 [main] INFO  testCases.TC04_SenderDetailsTest - Selected SUV.
22:18:19.626 [main] INFO  testCases.TC04_SenderDetailsTest - Fetched lowest price.
22:18:22.655 [main] INFO  testCases.TC04_SenderDetailsTest - Clicked on GiftCards.
22:18:23.995 [main] INFO  testCases.TC04_SenderDetailsTest - Selected Wedding GiftCard.
22:18:26.893 [main] INFO  testCases.TC04_SenderDetailsTest - Filled up sender's and recipient's details.
22:18:27.625 [main] INFO  testCases.TC04_SenderDetailsTest - Fetched Alert message.
22:18:29.281 [main] INFO  testCases.TC04_SenderDetailsTest - Directed to Hotels page.
22:18:33.010 [main] INFO  testCases.TC04_SenderDetailsTest - Fetched number of adults.
12:01:20.714 [main] INFO  testCases.TC04_SenderDetailsTest - Clicked on Cabs.
12:01:22.395 [main] INFO  testCases.TC04_SenderDetailsTest - Entered 'From' city.
12:01:24.033 [main] INFO  testCases.TC04_SenderDetailsTest - Entered 'To' City.
12:01:25.016 [main] INFO  testCases.TC04_SenderDetailsTest - Entered date.
12:01:27.253 [main] INFO  testCases.TC04_SenderDetailsTest - Entered Time.
12:01:30.756 [main] INFO  testCases.TC04_SenderDetailsTest - Clicked on Search after filling the details.
12:01:33.639 [main] INFO  testCases.TC04_SenderDetailsTest - Selected SUV.
12:01:36.043 [main] INFO  testCases.TC04_SenderDetailsTest - Fetched lowest price.
12:01:39.869 [main] INFO  testCases.TC04_SenderDetailsTest - Clicked on GiftCards.
12:01:41.660 [main] INFO  testCases.TC04_SenderDetailsTest - Selected Wedding GiftCard.
12:01:46.302 [main] INFO  testCases.TC04_SenderDetailsTest - Filled up sender's and recipient's details.
12:01:47.092 [main] INFO  testCases.TC04_SenderDetailsTest - Fetched Alert message.
12:01:48.543 [main] INFO  testCases.TC04_SenderDetailsTest - Directed to Hotels page.
12:01:53.318 [main] INFO  testCases.TC04_SenderDetailsTest - Fetched number of adults.
22:03:27.293 [main] INFO  testCases.TC04_SenderDetailsTest - Clicked on Cabs.
22:03:28.482 [main] INFO  testCases.TC04_SenderDetailsTest - Entered 'From' city.
22:03:29.659 [main] INFO  testCases.TC04_SenderDetailsTest - Entered 'To' City.
22:03:30.199 [main] INFO  testCases.TC04_SenderDetailsTest - Entered date.
22:03:31.568 [main] INFO  testCases.TC04_SenderDetailsTest - Entered Time.
22:03:34.918 [main] INFO  testCases.TC04_SenderDetailsTest - Clicked on Search after filling the details.
22:03:36.346 [main] INFO  testCases.TC04_SenderDetailsTest - Selected SUV.
